<?xml version="1.0" encoding="UTF-8"?>
<!-- Generated by org.testng.reporters.JUnitXMLReporter -->
<testsuite ignored="0" hostname="IN-PG02NMCV" failures="0" tests="3" name="Default test" time="0.049" errors="0" timestamp="2023-08-13T22:19:47 IST">
  <testcase classname="devopsDemo.LaunchBrowser" name="myTest" time="0.007"/>
  <testcase classname="devopsDemo.LaunchBrowser" name="myTest2" time="0.001"/>
  <testcase classname="devopsDemo.LaunchBrowser" name="myTest3" time="0.001"/>
</testsuite> <!-- Default test -->
