<?xml version="1.0" encoding="UTF-8"?>
<testng-results ignored="0" total="3" passed="3" failed="0" skipped="0">
  <reporter-output>
  </reporter-output>
  <suite started-at="2023-08-13T22:19:47 IST" name="Default suite" finished-at="2023-08-13T22:19:47 IST" duration-ms="49">
    <groups>
    </groups>
    <test started-at="2023-08-13T22:19:47 IST" name="Default test" finished-at="2023-08-13T22:19:47 IST" duration-ms="49">
      <class name="devopsDemo.LaunchBrowser">
        <test-method signature="myTest()[pri:0, instance:devopsDemo.LaunchBrowser@73ee04c8]" started-at="2023-08-13T22:19:47 IST" name="myTest" finished-at="2023-08-13T22:19:47 IST" duration-ms="7" status="PASS">
          <reporter-output>
          </reporter-output>
        </test-method> <!-- myTest -->
        <test-method signature="myTest2()[pri:0, instance:devopsDemo.LaunchBrowser@73ee04c8]" started-at="2023-08-13T22:19:47 IST" name="myTest2" finished-at="2023-08-13T22:19:47 IST" duration-ms="1" status="PASS">
          <reporter-output>
          </reporter-output>
        </test-method> <!-- myTest2 -->
        <test-method signature="myTest3()[pri:0, instance:devopsDemo.LaunchBrowser@73ee04c8]" started-at="2023-08-13T22:19:47 IST" name="myTest3" finished-at="2023-08-13T22:19:47 IST" duration-ms="1" status="PASS">
          <reporter-output>
          </reporter-output>
        </test-method> <!-- myTest3 -->
      </class> <!-- devopsDemo.LaunchBrowser -->
    </test> <!-- Default test -->
  </suite> <!-- Default suite -->
</testng-results>
